Determining size of off64_t failed with the following output:
Change Dir: C:/_GitHub/zlib-1.2.8/build-msvc2013/CMakeFiles/CMakeTmp

Run Build Command:"C:/Program Files (x86)/MSBuild/12.0/bin/MSBuild.exe" "cmTryCompileExec1652020465.vcxproj" "/p:Configuration=Debug" "/p:VisualStudioVersion=12.0"
Microsoft(R) 生成引擎版本 12.0.40629.0
[Microsoft .NET Framework 版本 4.0.30319.42000]
版权所有 (C) Microsoft Corporation。保留所有权利。

生成启动时间为 2016/5/5 12:37:05。
节点 1 上的项目“C:\_GitHub\zlib-1.2.8\build-msvc2013\CMakeFiles\CMakeTmp\cmTryCompileExec1652020465.vcxproj”(默认目标)。
PrepareForBuild:
  正在创建目录“cmTryCompileExec1652020465.dir\Debug\”。
  正在创建目录“C:\_GitHub\zlib-1.2.8\build-msvc2013\CMakeFiles\CMakeTmp\Debug\”。
  正在创建目录“cmTryCompileExec1652020465.dir\Debug\cmTryCom.114D2E0F.tlog\”。
InitializeBuildStatus:
  正在创建“cmTryCompileExec1652020465.dir\Debug\cmTryCom.114D2E0F.tlog\unsuccessfulbuild”，因为已指定“AlwaysCreate”。
ClCompile:
  C:\Program Files (x86)\Microsoft Visual Studio 12.0\VC\bin\CL.exe /c /Zi /W3 /WX- /Od /Ob0 /Oy- /D WIN32 /D _WINDOWS /D _DEBUG /D _LARGEFILE64_SOURCE=1 /D HAVE_SYS_TYPES_H /D HAVE_STDINT_H /D HAVE_STDDEF_H /D "CMAKE_INTDIR=\"Debug\"" /D _MBCS /Gm- /RTC1 /MDd /GS /fp:precise /Zc:wchar_t /Zc:forScope /Fo"cmTryCompileExec1652020465.dir\Debug\\" /Fd"cmTryCompileExec1652020465.dir\Debug\vc120.pdb" /Gd /TC /analyze- /errorReport:queue "C:\_GitHub\zlib-1.2.8\build-msvc2013\CMakeFiles\CheckTypeSize\OFF64_T.c"
  用于 x86 的 Microsoft (R) C/C++ 优化编译器 18.00.40629 版版权所有(C) Microsoft Corporation。  保留所有权利。
  
  cl /c /Zi /W3 /WX- /Od /Ob0 /Oy- /D WIN32 /D _WINDOWS /D _DEBUG /D _LARGEFILE64_SOURCE=1 /D HAVE_SYS_TYPES_H /D HAVE_STDINT_H /D HAVE_STDDEF_H /D "CMAKE_INTDIR=\"Debug\"" /D _MBCS /Gm- /RTC1 /MDd /GS /fp:precise /Zc:wchar_t /Zc:forScope /Fo"cmTryCompileExec1652020465.dir\Debug\\" /Fd"cmTryCompileExec1652020465.dir\Debug\vc120.pdb" /Gd /TC /analyze- /errorReport:queue "C:\_GitHub\zlib-1.2.8\build-msvc2013\CMakeFiles\CheckTypeSize\OFF64_T.c"
  
  OFF64_T.c
C:\_GitHub\zlib-1.2.8\build-msvc2013\CMakeFiles\CheckTypeSize\OFF64_T.c(19): error C2065: “off64_t”: 未声明的标识符 [C:\_GitHub\zlib-1.2.8\build-msvc2013\CMakeFiles\CMakeTmp\cmTryCompileExec1652020465.vcxproj]
C:\_GitHub\zlib-1.2.8\build-msvc2013\CMakeFiles\CheckTypeSize\OFF64_T.c(20): error C2065: “off64_t”: 未声明的标识符 [C:\_GitHub\zlib-1.2.8\build-msvc2013\CMakeFiles\CMakeTmp\cmTryCompileExec1652020465.vcxproj]
C:\_GitHub\zlib-1.2.8\build-msvc2013\CMakeFiles\CheckTypeSize\OFF64_T.c(21): error C2065: “off64_t”: 未声明的标识符 [C:\_GitHub\zlib-1.2.8\build-msvc2013\CMakeFiles\CMakeTmp\cmTryCompileExec1652020465.vcxproj]
C:\_GitHub\zlib-1.2.8\build-msvc2013\CMakeFiles\CheckTypeSize\OFF64_T.c(22): error C2065: “off64_t”: 未声明的标识符 [C:\_GitHub\zlib-1.2.8\build-msvc2013\CMakeFiles\CMakeTmp\cmTryCompileExec1652020465.vcxproj]
C:\_GitHub\zlib-1.2.8\build-msvc2013\CMakeFiles\CheckTypeSize\OFF64_T.c(23): error C2065: “off64_t”: 未声明的标识符 [C:\_GitHub\zlib-1.2.8\build-msvc2013\CMakeFiles\CMakeTmp\cmTryCompileExec1652020465.vcxproj]
已完成生成项目“C:\_GitHub\zlib-1.2.8\build-msvc2013\CMakeFiles\CMakeTmp\cmTryCompileExec1652020465.vcxproj”(默认目标)的操作 - 失败。

生成失败。

“C:\_GitHub\zlib-1.2.8\build-msvc2013\CMakeFiles\CMakeTmp\cmTryCompileExec1652020465.vcxproj”(默认目标) (1) ->
(ClCompile 目标) -> 
  C:\_GitHub\zlib-1.2.8\build-msvc2013\CMakeFiles\CheckTypeSize\OFF64_T.c(19): error C2065: “off64_t”: 未声明的标识符 [C:\_GitHub\zlib-1.2.8\build-msvc2013\CMakeFiles\CMakeTmp\cmTryCompileExec1652020465.vcxproj]
  C:\_GitHub\zlib-1.2.8\build-msvc2013\CMakeFiles\CheckTypeSize\OFF64_T.c(20): error C2065: “off64_t”: 未声明的标识符 [C:\_GitHub\zlib-1.2.8\build-msvc2013\CMakeFiles\CMakeTmp\cmTryCompileExec1652020465.vcxproj]
  C:\_GitHub\zlib-1.2.8\build-msvc2013\CMakeFiles\CheckTypeSize\OFF64_T.c(21): error C2065: “off64_t”: 未声明的标识符 [C:\_GitHub\zlib-1.2.8\build-msvc2013\CMakeFiles\CMakeTmp\cmTryCompileExec1652020465.vcxproj]
  C:\_GitHub\zlib-1.2.8\build-msvc2013\CMakeFiles\CheckTypeSize\OFF64_T.c(22): error C2065: “off64_t”: 未声明的标识符 [C:\_GitHub\zlib-1.2.8\build-msvc2013\CMakeFiles\CMakeTmp\cmTryCompileExec1652020465.vcxproj]
  C:\_GitHub\zlib-1.2.8\build-msvc2013\CMakeFiles\CheckTypeSize\OFF64_T.c(23): error C2065: “off64_t”: 未声明的标识符 [C:\_GitHub\zlib-1.2.8\build-msvc2013\CMakeFiles\CMakeTmp\cmTryCompileExec1652020465.vcxproj]

    0 个警告
    5 个错误

已用时间 00:00:00.42

C:/_GitHub/zlib-1.2.8/build-msvc2013/CMakeFiles/CheckTypeSize/OFF64_T.c:
#include <sys/types.h>
#include <stdint.h>
#include <stddef.h>


#undef KEY
#if defined(__i386)
# define KEY '_','_','i','3','8','6'
#elif defined(__x86_64)
# define KEY '_','_','x','8','6','_','6','4'
#elif defined(__ppc__)
# define KEY '_','_','p','p','c','_','_'
#elif defined(__ppc64__)
# define KEY '_','_','p','p','c','6','4','_','_'
#endif

#define SIZE (sizeof(off64_t))
char info_size[] =  {'I', 'N', 'F', 'O', ':', 's','i','z','e','[',
  ('0' + ((SIZE / 10000)%10)),
  ('0' + ((SIZE / 1000)%10)),
  ('0' + ((SIZE / 100)%10)),
  ('0' + ((SIZE / 10)%10)),
  ('0' +  (SIZE    % 10)),
  ']',
#ifdef KEY
  ' ','k','e','y','[', KEY, ']',
#endif
  '\0'};

#ifdef __CLASSIC_C__
int main(argc, argv) int argc; char *argv[];
#else
int main(int argc, char *argv[])
#endif
{
  int require = 0;
  require += info_size[argc];
  (void)argv;
  return require;
}


Determining if the function fseeko exists failed with the following output:
Change Dir: C:/_GitHub/zlib-1.2.8/build-msvc2013/CMakeFiles/CMakeTmp

Run Build Command:"C:/Program Files (x86)/MSBuild/12.0/bin/MSBuild.exe" "cmTryCompileExec1081206258.vcxproj" "/p:Configuration=Debug" "/p:VisualStudioVersion=12.0"
Microsoft(R) 生成引擎版本 12.0.40629.0
[Microsoft .NET Framework 版本 4.0.30319.42000]
版权所有 (C) Microsoft Corporation。保留所有权利。

生成启动时间为 2016/5/5 12:37:05。
节点 1 上的项目“C:\_GitHub\zlib-1.2.8\build-msvc2013\CMakeFiles\CMakeTmp\cmTryCompileExec1081206258.vcxproj”(默认目标)。
PrepareForBuild:
  正在创建目录“cmTryCompileExec1081206258.dir\Debug\”。
  正在创建目录“C:\_GitHub\zlib-1.2.8\build-msvc2013\CMakeFiles\CMakeTmp\Debug\”。
  正在创建目录“cmTryCompileExec1081206258.dir\Debug\cmTryCom.6AF120FD.tlog\”。
InitializeBuildStatus:
  正在创建“cmTryCompileExec1081206258.dir\Debug\cmTryCom.6AF120FD.tlog\unsuccessfulbuild”，因为已指定“AlwaysCreate”。
ClCompile:
  C:\Program Files (x86)\Microsoft Visual Studio 12.0\VC\bin\CL.exe /c /Zi /W3 /WX- /Od /Ob0 /Oy- /D WIN32 /D _WINDOWS /D CHECK_FUNCTION_EXISTS=fseeko /D _DEBUG /D "CMAKE_INTDIR=\"Debug\"" /D _MBCS /Gm- /RTC1 /MDd /GS /fp:precise /Zc:wchar_t /Zc:forScope /Fo"cmTryCompileExec1081206258.dir\Debug\\" /Fd"cmTryCompileExec1081206258.dir\Debug\vc120.pdb" /Gd /TC /analyze- /errorReport:queue "C:\Program Files (x86)\CMake\share\cmake-3.0\Modules\CheckFunctionExists.c"
  用于 x86 的 Microsoft (R) C/C++ 优化编译器 18.00.40629 版版权所有(C) Microsoft Corporation。  保留所有权利。
  
  cl /c /Zi /W3 /WX- /Od /Ob0 /Oy- /D WIN32 /D _WINDOWS /D CHECK_FUNCTION_EXISTS=fseeko /D _DEBUG /D "CMAKE_INTDIR=\"Debug\"" /D _MBCS /Gm- /RTC1 /MDd /GS /fp:precise /Zc:wchar_t /Zc:forScope /Fo"cmTryCompileExec1081206258.dir\Debug\\" /Fd"cmTryCompileExec1081206258.dir\Debug\vc120.pdb" /Gd /TC /analyze- /errorReport:queue "C:\Program Files (x86)\CMake\share\cmake-3.0\Modules\CheckFunctionExists.c"
  
  CheckFunctionExists.c
Link:
  C:\Program Files (x86)\Microsoft Visual Studio 12.0\VC\bin\link.exe /ERRORREPORT:QUEUE /OUT:"C:\_GitHub\zlib-1.2.8\build-msvc2013\CMakeFiles\CMakeTmp\Debug\cmTryCompileExec1081206258.exe" /INCREMENTAL /NOLOGO kernel32.lib user32.lib gdi32.lib winspool.lib shell32.lib ole32.lib oleaut32.lib uuid.lib comdlg32.lib advapi32.lib /MANIFEST /MANIFESTUAC:"level='asInvoker' uiAccess='false'" /manifest:embed /DEBUG /PDB:"C:/_GitHub/zlib-1.2.8/build-msvc2013/CMakeFiles/CMakeTmp/Debug/cmTryCompileExec1081206258.pdb" /SUBSYSTEM:CONSOLE /TLBID:1 /DYNAMICBASE /NXCOMPAT /IMPLIB:"C:/_GitHub/zlib-1.2.8/build-msvc2013/CMakeFiles/CMakeTmp/Debug/cmTryCompileExec1081206258.lib" /MACHINE:X86 /SAFESEH  /machine:X86 /debug cmTryCompileExec1081206258.dir\Debug\CheckFunctionExists.obj
CheckFunctionExists.obj : error LNK2019: 无法解析的外部符号 _fseeko，该符号在函数 _main 中被引用 [C:\_GitHub\zlib-1.2.8\build-msvc2013\CMakeFiles\CMakeTmp\cmTryCompileExec1081206258.vcxproj]
C:\_GitHub\zlib-1.2.8\build-msvc2013\CMakeFiles\CMakeTmp\Debug\cmTryCompileExec1081206258.exe : fatal error LNK1120: 1 个无法解析的外部命令 [C:\_GitHub\zlib-1.2.8\build-msvc2013\CMakeFiles\CMakeTmp\cmTryCompileExec1081206258.vcxproj]
已完成生成项目“C:\_GitHub\zlib-1.2.8\build-msvc2013\CMakeFiles\CMakeTmp\cmTryCompileExec1081206258.vcxproj”(默认目标)的操作 - 失败。

生成失败。

“C:\_GitHub\zlib-1.2.8\build-msvc2013\CMakeFiles\CMakeTmp\cmTryCompileExec1081206258.vcxproj”(默认目标) (1) ->
(Link 目标) -> 
  CheckFunctionExists.obj : error LNK2019: 无法解析的外部符号 _fseeko，该符号在函数 _main 中被引用 [C:\_GitHub\zlib-1.2.8\build-msvc2013\CMakeFiles\CMakeTmp\cmTryCompileExec1081206258.vcxproj]
  C:\_GitHub\zlib-1.2.8\build-msvc2013\CMakeFiles\CMakeTmp\Debug\cmTryCompileExec1081206258.exe : fatal error LNK1120: 1 个无法解析的外部命令 [C:\_GitHub\zlib-1.2.8\build-msvc2013\CMakeFiles\CMakeTmp\cmTryCompileExec1081206258.vcxproj]

    0 个警告
    2 个错误

已用时间 00:00:00.75


Determining if the include file unistd.h exists failed with the following output:
Change Dir: C:/_GitHub/zlib-1.2.8/build-msvc2013/CMakeFiles/CMakeTmp

Run Build Command:"C:/Program Files (x86)/MSBuild/12.0/bin/MSBuild.exe" "cmTryCompileExec1102591852.vcxproj" "/p:Configuration=Debug" "/p:VisualStudioVersion=12.0"
Microsoft(R) 生成引擎版本 12.0.40629.0
[Microsoft .NET Framework 版本 4.0.30319.42000]
版权所有 (C) Microsoft Corporation。保留所有权利。

生成启动时间为 2016/5/5 12:37:06。
节点 1 上的项目“C:\_GitHub\zlib-1.2.8\build-msvc2013\CMakeFiles\CMakeTmp\cmTryCompileExec1102591852.vcxproj”(默认目标)。
PrepareForBuild:
  正在创建目录“cmTryCompileExec1102591852.dir\Debug\”。
  正在创建目录“C:\_GitHub\zlib-1.2.8\build-msvc2013\CMakeFiles\CMakeTmp\Debug\”。
  正在创建目录“cmTryCompileExec1102591852.dir\Debug\cmTryCom.50FFF727.tlog\”。
InitializeBuildStatus:
  正在创建“cmTryCompileExec1102591852.dir\Debug\cmTryCom.50FFF727.tlog\unsuccessfulbuild”，因为已指定“AlwaysCreate”。
ClCompile:
  C:\Program Files (x86)\Microsoft Visual Studio 12.0\VC\bin\CL.exe /c /Zi /W3 /WX- /Od /Ob0 /Oy- /D WIN32 /D _WINDOWS /D _DEBUG /D "CMAKE_INTDIR=\"Debug\"" /D _MBCS /Gm- /RTC1 /MDd /GS /fp:precise /Zc:wchar_t /Zc:forScope /Fo"cmTryCompileExec1102591852.dir\Debug\\" /Fd"cmTryCompileExec1102591852.dir\Debug\vc120.pdb" /Gd /TC /analyze- /errorReport:queue CheckIncludeFile.c
  用于 x86 的 Microsoft (R) C/C++ 优化编译器 18.00.40629 版版权所有(C) Microsoft Corporation。  保留所有权利。
  
  cl /c /Zi /W3 /WX- /Od /Ob0 /Oy- /D WIN32 /D _WINDOWS /D _DEBUG /D "CMAKE_INTDIR=\"Debug\"" /D _MBCS /Gm- /RTC1 /MDd /GS /fp:precise /Zc:wchar_t /Zc:forScope /Fo"cmTryCompileExec1102591852.dir\Debug\\" /Fd"cmTryCompileExec1102591852.dir\Debug\vc120.pdb" /Gd /TC /analyze- /errorReport:queue CheckIncludeFile.c
  
  CheckIncludeFile.c
CheckIncludeFile.c(1): fatal error C1083: 无法打开包括文件: “unistd.h”: No such file or directory [C:\_GitHub\zlib-1.2.8\build-msvc2013\CMakeFiles\CMakeTmp\cmTryCompileExec1102591852.vcxproj]
已完成生成项目“C:\_GitHub\zlib-1.2.8\build-msvc2013\CMakeFiles\CMakeTmp\cmTryCompileExec1102591852.vcxproj”(默认目标)的操作 - 失败。

生成失败。

“C:\_GitHub\zlib-1.2.8\build-msvc2013\CMakeFiles\CMakeTmp\cmTryCompileExec1102591852.vcxproj”(默认目标) (1) ->
(ClCompile 目标) -> 
  CheckIncludeFile.c(1): fatal error C1083: 无法打开包括文件: “unistd.h”: No such file or directory [C:\_GitHub\zlib-1.2.8\build-msvc2013\CMakeFiles\CMakeTmp\cmTryCompileExec1102591852.vcxproj]

    0 个警告
    1 个错误

已用时间 00:00:00.33


